{
  "RSpec": {
    "coverage": {
      "/Users/alfiedarko/Documents/Makers/Bank-Tech-Test/spec/balance_spec.rb": [
        1,
        null,
        1,
        1,
        1,
        null,
        null,
        1,
        1,
        null,
        null,
        1,
        1,
        1,
        1,
        null,
        null,
        null,
        1,
        1,
        1,
        1,
        1,
        null,
        null,
        1,
        2,
        null,
        null,
        null
      ],
      "/Users/alfiedarko/Documents/Makers/Bank-Tech-Test/lib/balance.rb": [
        1,
        1,
        1,
        5,
        null,
        null,
        1,
        2,
        null,
        null,
        1,
        2,
        1,
        null,
        1,
        null,
        null,
        null,
        1,
        null,
        1,
        1,
        1,
        null,
        null
      ],
      "/Users/alfiedarko/Documents/Makers/Bank-Tech-Test/spec/bank_account_spec.rb": [
        null,
        null,
        null,
        null
      ],
      "/Users/alfiedarko/Documents/Makers/Bank-Tech-Test/spec/transactions_spec.rb": [
        1,
        null,
        1,
        null,
        1,
        1,
        null,
        null,
        1,
        1,
        null,
        null,
        1,
        1,
        null,
        1,
        1,
        2,
        null,
        null,
        1,
        1,
        1,
        null,
        null
      ],
      "/Users/alfiedarko/Documents/Makers/Bank-Tech-Test/lib/transactions.rb": [
        1,
        1,
        1,
        3,
        null,
        null
      ]
    },
    "timestamp": 1524730334
  }
}
