{
  "RSpec": {
    "coverage": {
      "/Users/alfiedarko/Documents/Makers/Bank-Tech-Test/spec/balance_spec.rb": [
        1,
        null,
        1,
        1,
        1,
        null,
        null,
        1,
        1,
        null,
        null,
        1,
        1,
        null,
        null,
        1,
        1,
        1,
        1,
        null,
        null,
        null,
        1,
        1,
        1,
        1,
        1,
        null,
        null,
        1,
        2,
        null,
        null,
        null
      ],
      "/Users/alfiedarko/Documents/Makers/Bank-Tech-Test/lib/balance.rb": [
        1,
        null,
        1,
        1,
        1,
        8,
        8,
        null,
        null,
        1,
        2,
        2,
        null,
        null,
        1,
        2,
        1,
        null,
        1,
        1,
        null,
        null,
        null,
        1,
        null,
        1,
        1,
        1,
        null,
        null
      ],
      "/Users/alfiedarko/Documents/Makers/Bank-Tech-Test/lib/transactions.rb": [
        1,
        1,
        1,
        11,
        null,
        null
      ],
      "/Users/alfiedarko/Documents/Makers/Bank-Tech-Test/spec/bank_account_spec.rb": [
        1,
        null,
        1,
        1,
        1,
        null,
        null,
        1,
        1,
        1,
        null,
        null,
        null,
        null,
        null,
        null,
        null,
        null,
        null,
        null
      ],
      "/Users/alfiedarko/Documents/Makers/Bank-Tech-Test/lib/bank_account.rb": [
        1,
        null,
        1,
        1,
        1,
        2,
        null,
        null,
        1,
        1,
        null,
        null
      ],
      "/Users/alfiedarko/Documents/Makers/Bank-Tech-Test/spec/transactions_spec.rb": [
        1,
        null,
        1,
        null,
        1,
        1,
        null,
        null,
        1,
        1,
        null,
        null,
        1,
        1,
        null,
        1,
        1,
        2,
        1,
        null,
        null,
        1,
        1,
        1,
        null,
        null
      ]
    },
    "timestamp": 1524740227
  }
}
